c:\users\super\source\repos\chislaki_laba1\graph\x64\debug\vc143.pdb
c:\users\super\source\repos\chislaki_laba1\graph\x64\debug\.netframework,version=v4.7.2.assemblyattributes.obj
c:\users\super\source\repos\chislaki_laba1\graph\x64\debug\myform.obj
c:\users\super\source\repos\chislaki_laba1\x64\debug\zedgraph.dll
c:\users\super\source\repos\chislaki_laba1\x64\debug\graph.exe
c:\users\super\source\repos\chislaki_laba1\x64\debug\graph.pdb
c:\users\super\source\repos\chislaki_laba1\graph\x64\debug\graph.tlog\metagen.write.1.tlog
c:\users\super\source\repos\chislaki_laba1\graph\x64\debug\graph.tlog\cl.command.1.tlog
c:\users\super\source\repos\chislaki_laba1\graph\x64\debug\graph.tlog\cl.items.tlog
c:\users\super\source\repos\chislaki_laba1\graph\x64\debug\graph.tlog\cl.read.1.tlog
c:\users\super\source\repos\chislaki_laba1\graph\x64\debug\graph.tlog\cl.write.1.tlog
c:\users\super\source\repos\chislaki_laba1\graph\x64\debug\graph.tlog\copylocal.read.1u.tlog
c:\users\super\source\repos\chislaki_laba1\graph\x64\debug\graph.tlog\copylocal.write.1u.tlog
c:\users\super\source\repos\chislaki_laba1\graph\x64\debug\graph.tlog\link.command.1.tlog
c:\users\super\source\repos\chislaki_laba1\graph\x64\debug\graph.tlog\link.read.1.tlog
c:\users\super\source\repos\chislaki_laba1\graph\x64\debug\graph.tlog\link.secondary.1.tlog
c:\users\super\source\repos\chislaki_laba1\graph\x64\debug\graph.tlog\link.write.1.tlog
c:\users\super\source\repos\chislaki_laba1\graph\x64\debug\graph.tlog\metagen.read.1.tlog
c:\users\super\source\repos\chislaki_laba1\graph\x64\debug\graph.tlog\resgen.command.1.tlog
c:\users\super\source\repos\chislaki_laba1\graph\x64\debug\graph.tlog\resgen.read.1.tlog
c:\users\super\source\repos\chislaki_laba1\graph\x64\debug\graph.tlog\resgen.write.1.tlog
c:\users\super\source\repos\chislaki_laba1\graph\x64\debug\graph.tlog\zedgraph.dll.metagen
